{"level":"info","message":"Server is running at port 3000","timestamp":"2024-04-25T10:03:23.225Z"}
{"level":"info","message":"Connected to Database MongoDB: Convivity","timestamp":"2024-04-25T10:03:23.267Z"}
{"level":"info","message":"Server is running at port 3000","timestamp":"2024-04-25T10:04:24.215Z"}
{"level":"info","message":"Connected to Database MongoDB: Convivity","timestamp":"2024-04-25T10:04:24.247Z"}
{"level":"info","message":"Server is running at port 3000","timestamp":"2024-04-25T10:04:37.261Z"}
{"level":"info","message":"Connected to Database MongoDB: Convivity","timestamp":"2024-04-25T10:04:37.278Z"}
{"level":"info","message":"Server is running at port 3000","timestamp":"2024-04-25T10:04:50.205Z"}
{"level":"info","message":"Connected to Database MongoDB: Convivity","timestamp":"2024-04-25T10:04:50.222Z"}
{"level":"info","message":"Server is running at port 3000","timestamp":"2024-04-29T09:58:15.511Z"}
{"level":"info","message":"Connected to Database MongoDB: Convivity","timestamp":"2024-04-29T09:58:15.542Z"}
{"level":"info","message":"Server is running at port 3000","timestamp":"2024-04-29T10:00:06.803Z"}
{"level":"info","message":"Connected to Database MongoDB: Convivity","timestamp":"2024-04-29T10:00:06.831Z"}
{"level":"info","message":"Server is running at port 3000","timestamp":"2024-04-29T10:00:42.324Z"}
{"level":"info","message":"Connected to Database MongoDB: Convivity","timestamp":"2024-04-29T10:00:42.351Z"}
{"level":"info","message":"Server is running at port 3000","timestamp":"2024-04-29T10:00:50.329Z"}
{"level":"info","message":"Connected to Database MongoDB: Convivity","timestamp":"2024-04-29T10:00:50.356Z"}
{"level":"info","message":"Server is running at port 3000","timestamp":"2024-04-29T10:01:58.643Z"}
{"level":"info","message":"Connected to Database MongoDB: Convivity","timestamp":"2024-04-29T10:01:58.680Z"}
{"level":"info","message":"Server is running at port 3000","timestamp":"2024-04-29T10:03:01.416Z"}
{"level":"info","message":"Connected to Database MongoDB: Convivity","timestamp":"2024-04-29T10:03:01.445Z"}
{"level":"error","timestamp":"2024-04-29T10:03:07.729Z"}
{"level":"info","message":"Server is running at port 3000","timestamp":"2024-04-29T10:03:20.831Z"}
{"level":"info","message":"Connected to Database MongoDB: Convivity","timestamp":"2024-04-29T10:03:20.860Z"}
{"level":"error","timestamp":"2024-04-29T10:03:25.165Z"}
{"level":"info","message":"Server is running at port 3000","timestamp":"2024-04-29T10:03:50.150Z"}
{"level":"info","message":"Connected to Database MongoDB: Convivity","timestamp":"2024-04-29T10:03:50.187Z"}
{"level":"error","timestamp":"2024-04-29T10:03:52.369Z"}
{"level":"info","message":"Server is running at port 3000","timestamp":"2024-04-29T10:04:22.258Z"}
{"level":"info","message":"Connected to Database MongoDB: Convivity","timestamp":"2024-04-29T10:04:22.284Z"}
{"level":"info","message":"Server is running at port 3000","timestamp":"2024-04-29T10:05:07.183Z"}
{"level":"info","message":"Connected to Database MongoDB: Convivity","timestamp":"2024-04-29T10:05:07.215Z"}
{"level":"info","message":"Server is running at port 3000","timestamp":"2024-04-29T10:06:06.460Z"}
{"level":"info","message":"Connected to Database MongoDB: Convivity","timestamp":"2024-04-29T10:06:06.487Z"}
{"level":"info","message":"Server is running at port 3000","timestamp":"2024-04-29T10:09:47.357Z"}
{"level":"info","message":"Connected to Database MongoDB: Convivity","timestamp":"2024-04-29T10:09:47.383Z"}
{"level":"info","message":"Server is running at port 3000","timestamp":"2024-04-29T10:12:35.257Z"}
{"level":"info","message":"Connected to Database MongoDB: Convivity","timestamp":"2024-04-29T10:12:35.274Z"}
{"level":"info","message":"Server is running at port 3000","timestamp":"2024-04-29T10:12:45.621Z"}
{"level":"info","message":"Connected to Database MongoDB: Convivity","timestamp":"2024-04-29T10:12:45.646Z"}
{"level":"info","message":"Server is running at port 3000","timestamp":"2024-04-29T10:13:13.932Z"}
{"level":"info","message":"Connected to Database MongoDB: Convivity","timestamp":"2024-04-29T10:13:13.953Z"}
{"level":"info","message":"Server is running at port 3000","timestamp":"2024-04-29T10:13:32.459Z"}
{"level":"info","message":"Connected to Database MongoDB: Convivity","timestamp":"2024-04-29T10:13:32.489Z"}
{"level":"info","message":"Server is running at port 3000","timestamp":"2024-04-29T10:13:53.062Z"}
{"level":"info","message":"Connected to Database MongoDB: Convivity","timestamp":"2024-04-29T10:13:53.083Z"}
{"level":"info","message":"Server is running at port 3000","timestamp":"2024-04-29T10:14:08.298Z"}
{"level":"info","message":"Connected to Database MongoDB: Convivity","timestamp":"2024-04-29T10:14:08.318Z"}
{"level":"info","message":"Server is running at port 3000","timestamp":"2024-04-29T10:14:22.981Z"}
{"level":"info","message":"Connected to Database MongoDB: Convivity","timestamp":"2024-04-29T10:14:23.008Z"}
{"level":"info","message":"Server is running at port 3000","timestamp":"2024-04-29T10:15:01.829Z"}
{"level":"info","message":"Connected to Database MongoDB: Convivity","timestamp":"2024-04-29T10:15:01.915Z"}
{"level":"info","message":"Server is running at port 3000","timestamp":"2024-04-29T10:17:05.745Z"}
{"level":"info","message":"Connected to Database MongoDB: Convivity","timestamp":"2024-04-29T10:17:05.775Z"}
{"level":"info","message":"Server is running at port 3000","timestamp":"2024-04-29T10:17:24.324Z"}
{"level":"info","message":"Connected to Database MongoDB: TaskManager-Database","timestamp":"2024-04-29T10:17:24.350Z"}
{"level":"info","message":"Server is running at port 3000","timestamp":"2024-04-29T10:18:06.493Z"}
{"level":"info","message":"Connected to Database MongoDB: TaskManager-Database","timestamp":"2024-04-29T10:18:06.518Z"}
{"level":"info","message":"Connected to MongoDB: TaskManager-Database","timestamp":"2024-04-29T11:02:50.681Z"}
{"level":"info","message":"Server is running at port 3000","timestamp":"2024-04-29T11:02:50.689Z"}
{"level":"info","message":"Connected to MongoDB: TaskManager-Database","timestamp":"2024-04-30T08:23:04.429Z"}
{"level":"info","message":"Server is running at port 3000","timestamp":"2024-04-30T08:23:04.447Z"}
{"level":"info","message":"Connected to MongoDB: TaskManager-Database","timestamp":"2024-04-30T08:24:26.303Z"}
{"level":"info","message":"Server is running at port 3000","timestamp":"2024-04-30T08:24:26.309Z"}
{"level":"error","message":"MongoDB connection error: Could not connect to any servers in your MongoDB Atlas cluster. One common reason is that you're trying to access the database from an IP that isn't whitelisted. Make sure your current IP address is on your Atlas cluster's IP whitelist: https://www.mongodb.com/docs/atlas/security-whitelist/","reason":{"commonWireVersion":0,"compatible":true,"heartbeatFrequencyMS":10000,"localThresholdMS":15,"logicalSessionTimeoutMinutes":null,"maxElectionId":null,"maxSetVersion":null,"servers":{},"setName":"atlas-mcxz3p-shard-0","stale":false,"type":"ReplicaSetNoPrimary"},"stack":"MongooseServerSelectionError: Could not connect to any servers in your MongoDB Atlas cluster. One common reason is that you're trying to access the database from an IP that isn't whitelisted. Make sure your current IP address is on your Atlas cluster's IP whitelist: https://www.mongodb.com/docs/atlas/security-whitelist/\n    at _handleConnectionErrors (D:\\Projects\\TaskManager\\Backend\\node_modules\\mongoose\\lib\\connection.js:875:11)\n    at NativeConnection.openUri (D:\\Projects\\TaskManager\\Backend\\node_modules\\mongoose\\lib\\connection.js:826:11)\n    at async connectToDatabase (file:///D:/Projects/TaskManager/Backend/app.js:21:5)\n    at async startup (file:///D:/Projects/TaskManager/Backend/app.js:39:3)","timestamp":"2024-05-01T07:41:28.503Z"}
{"level":"error","message":"MongoDB connection error: Could not connect to any servers in your MongoDB Atlas cluster. One common reason is that you're trying to access the database from an IP that isn't whitelisted. Make sure your current IP address is on your Atlas cluster's IP whitelist: https://www.mongodb.com/docs/atlas/security-whitelist/","reason":{"commonWireVersion":0,"compatible":true,"heartbeatFrequencyMS":10000,"localThresholdMS":15,"logicalSessionTimeoutMinutes":null,"maxElectionId":null,"maxSetVersion":null,"servers":{},"setName":"atlas-mcxz3p-shard-0","stale":false,"type":"ReplicaSetNoPrimary"},"stack":"MongooseServerSelectionError: Could not connect to any servers in your MongoDB Atlas cluster. One common reason is that you're trying to access the database from an IP that isn't whitelisted. Make sure your current IP address is on your Atlas cluster's IP whitelist: https://www.mongodb.com/docs/atlas/security-whitelist/\n    at _handleConnectionErrors (D:\\Projects\\TaskManager\\Backend\\node_modules\\mongoose\\lib\\connection.js:875:11)\n    at NativeConnection.openUri (D:\\Projects\\TaskManager\\Backend\\node_modules\\mongoose\\lib\\connection.js:826:11)\n    at async connectToDatabase (file:///D:/Projects/TaskManager/Backend/app.js:21:5)\n    at async startup (file:///D:/Projects/TaskManager/Backend/app.js:42:3)","timestamp":"2024-05-01T07:44:24.066Z"}
{"level":"error","message":"MongoDB connection error: Could not connect to any servers in your MongoDB Atlas cluster. One common reason is that you're trying to access the database from an IP that isn't whitelisted. Make sure your current IP address is on your Atlas cluster's IP whitelist: https://www.mongodb.com/docs/atlas/security-whitelist/","reason":{"commonWireVersion":0,"compatible":true,"heartbeatFrequencyMS":10000,"localThresholdMS":15,"logicalSessionTimeoutMinutes":null,"maxElectionId":null,"maxSetVersion":null,"servers":{},"setName":"atlas-mcxz3p-shard-0","stale":false,"type":"ReplicaSetNoPrimary"},"stack":"MongooseServerSelectionError: Could not connect to any servers in your MongoDB Atlas cluster. One common reason is that you're trying to access the database from an IP that isn't whitelisted. Make sure your current IP address is on your Atlas cluster's IP whitelist: https://www.mongodb.com/docs/atlas/security-whitelist/\n    at _handleConnectionErrors (D:\\Projects\\TaskManager\\Backend\\node_modules\\mongoose\\lib\\connection.js:875:11)\n    at NativeConnection.openUri (D:\\Projects\\TaskManager\\Backend\\node_modules\\mongoose\\lib\\connection.js:826:11)\n    at async connectToDatabase (file:///D:/Projects/TaskManager/Backend/app.js:21:5)\n    at async startup (file:///D:/Projects/TaskManager/Backend/app.js:39:3)","timestamp":"2024-05-01T11:01:28.520Z"}
{"level":"info","message":"Connected to MongoDB: TaskManager-Database","timestamp":"2024-05-01T11:04:12.064Z"}
{"level":"info","message":"Server is running at port 3000","timestamp":"2024-05-01T11:04:12.071Z"}
{"level":"info","message":"Connected to MongoDB: TaskManager-Database","timestamp":"2024-05-01T11:05:58.888Z"}
{"level":"info","message":"Server is running at port 3000","timestamp":"2024-05-01T11:05:58.894Z"}
{"level":"info","message":"Connected to MongoDB: TaskManager-Database","timestamp":"2024-05-01T11:06:47.443Z"}
{"level":"info","message":"Server is running at port 3000","timestamp":"2024-05-01T11:06:47.450Z"}
{"level":"info","message":"Connected to MongoDB: TaskManager-Database","timestamp":"2024-05-01T11:06:49.673Z"}
{"level":"info","message":"Server is running at port 3000","timestamp":"2024-05-01T11:06:49.682Z"}
{"level":"info","message":"Connected to MongoDB: TaskManager-Database","timestamp":"2024-05-01T11:06:53.762Z"}
{"level":"info","message":"Server is running at port 3000","timestamp":"2024-05-01T11:06:53.768Z"}
{"level":"info","message":"Connected to MongoDB: TaskManager-Database","timestamp":"2024-05-01T11:11:19.548Z"}
{"level":"info","message":"Server is running at port 3000","timestamp":"2024-05-01T11:11:19.553Z"}
{"level":"info","message":"Connected to MongoDB: TaskManager-Database","timestamp":"2024-05-01T11:35:07.934Z"}
{"level":"info","message":"Server is running at port 3000","timestamp":"2024-05-01T11:35:07.940Z"}
{"level":"info","message":"Connected to MongoDB: TaskManager-Database","timestamp":"2024-05-01T11:49:16.718Z"}
{"level":"info","message":"Server is running at port 3000","timestamp":"2024-05-01T11:49:16.723Z"}
{"level":"info","message":"Connected to MongoDB: TaskManager-Database","timestamp":"2024-05-01T11:49:37.654Z"}
{"level":"info","message":"Server is running at port 3000","timestamp":"2024-05-01T11:49:37.661Z"}
{"level":"error","message":"MongoDB connection error: Could not connect to any servers in your MongoDB Atlas cluster. One common reason is that you're trying to access the database from an IP that isn't whitelisted. Make sure your current IP address is on your Atlas cluster's IP whitelist: https://www.mongodb.com/docs/atlas/security-whitelist/","reason":{"commonWireVersion":0,"compatible":true,"heartbeatFrequencyMS":10000,"localThresholdMS":15,"logicalSessionTimeoutMinutes":null,"maxElectionId":null,"maxSetVersion":null,"servers":{},"setName":"atlas-mcxz3p-shard-0","stale":false,"type":"ReplicaSetNoPrimary"},"stack":"MongooseServerSelectionError: Could not connect to any servers in your MongoDB Atlas cluster. One common reason is that you're trying to access the database from an IP that isn't whitelisted. Make sure your current IP address is on your Atlas cluster's IP whitelist: https://www.mongodb.com/docs/atlas/security-whitelist/\n    at _handleConnectionErrors (D:\\Projects\\TaskManager\\Backend\\node_modules\\mongoose\\lib\\connection.js:875:11)\n    at NativeConnection.openUri (D:\\Projects\\TaskManager\\Backend\\node_modules\\mongoose\\lib\\connection.js:826:11)\n    at async connectToDatabase (file:///D:/Projects/TaskManager/Backend/app.js:21:5)\n    at async startup (file:///D:/Projects/TaskManager/Backend/app.js:39:3)","timestamp":"2024-05-02T09:38:58.620Z"}
{"level":"error","message":"MongoDB connection error: Could not connect to any servers in your MongoDB Atlas cluster. One common reason is that you're trying to access the database from an IP that isn't whitelisted. Make sure your current IP address is on your Atlas cluster's IP whitelist: https://www.mongodb.com/docs/atlas/security-whitelist/","reason":{"commonWireVersion":0,"compatible":true,"heartbeatFrequencyMS":10000,"localThresholdMS":15,"logicalSessionTimeoutMinutes":null,"maxElectionId":null,"maxSetVersion":null,"servers":{},"setName":"atlas-mcxz3p-shard-0","stale":false,"type":"ReplicaSetNoPrimary"},"stack":"MongooseServerSelectionError: Could not connect to any servers in your MongoDB Atlas cluster. One common reason is that you're trying to access the database from an IP that isn't whitelisted. Make sure your current IP address is on your Atlas cluster's IP whitelist: https://www.mongodb.com/docs/atlas/security-whitelist/\n    at _handleConnectionErrors (D:\\Projects\\TaskManager\\Backend\\node_modules\\mongoose\\lib\\connection.js:875:11)\n    at NativeConnection.openUri (D:\\Projects\\TaskManager\\Backend\\node_modules\\mongoose\\lib\\connection.js:826:11)\n    at async connectToDatabase (file:///D:/Projects/TaskManager/Backend/app.js:21:5)\n    at async startup (file:///D:/Projects/TaskManager/Backend/app.js:39:3)","timestamp":"2024-05-02T09:40:12.895Z"}
{"level":"info","message":"Connected to MongoDB: TaskManager-Database","timestamp":"2024-05-02T09:41:21.629Z"}
{"level":"info","message":"Server is running at port 3000","timestamp":"2024-05-02T09:41:21.638Z"}
{"level":"info","message":"Connected to MongoDB: TaskManager-Database","timestamp":"2024-05-02T09:46:24.380Z"}
{"level":"info","message":"Server is running at port 3000","timestamp":"2024-05-02T09:46:24.386Z"}
{"level":"info","message":"Connected to MongoDB: TaskManager-Database","timestamp":"2024-05-02T09:47:20.902Z"}
{"level":"info","message":"Server is running at port 3000","timestamp":"2024-05-02T09:47:20.908Z"}
{"level":"info","message":"Connected to MongoDB: TaskManager-Database","timestamp":"2024-05-02T09:48:05.353Z"}
{"level":"info","message":"Server is running at port 3000","timestamp":"2024-05-02T09:48:05.359Z"}
{"level":"info","message":"Connected to MongoDB: TaskManager-Database","timestamp":"2024-05-02T09:49:35.617Z"}
{"level":"info","message":"Server is running at port 3000","timestamp":"2024-05-02T09:49:35.625Z"}
{"level":"info","message":"Connected to MongoDB: TaskManager-Database","timestamp":"2024-05-02T10:19:45.182Z"}
{"level":"info","message":"Server is running at port 3000","timestamp":"2024-05-02T10:19:45.190Z"}
{"level":"info","message":"Connected to MongoDB: TaskManager-Database","timestamp":"2024-05-02T10:20:01.942Z"}
{"level":"info","message":"Server is running at port 3000","timestamp":"2024-05-02T10:20:01.987Z"}
{"level":"info","message":"Connected to MongoDB: TaskManager-Database","timestamp":"2024-05-02T10:20:26.784Z"}
{"level":"info","message":"Server is running at port 3000","timestamp":"2024-05-02T10:20:26.791Z"}
{"level":"info","message":"Connected to MongoDB: TaskManager-Database","timestamp":"2024-05-02T10:41:24.090Z"}
{"level":"info","message":"Server is running at port 3000","timestamp":"2024-05-02T10:41:24.097Z"}
{"level":"info","message":"Connected to MongoDB: TaskManager-Database","timestamp":"2024-05-02T10:42:07.481Z"}
{"level":"info","message":"Server is running at port 3000","timestamp":"2024-05-02T10:42:07.489Z"}
{"level":"info","message":"Connected to MongoDB: TaskManager-Database","timestamp":"2024-05-02T10:57:14.787Z"}
{"level":"info","message":"Server is running at port 3000","timestamp":"2024-05-02T10:57:14.792Z"}
{"level":"info","message":"Connected to MongoDB: TaskManager-Database","timestamp":"2024-05-02T10:58:31.102Z"}
{"level":"info","message":"Server is running at port 3000","timestamp":"2024-05-02T10:58:31.109Z"}
{"level":"info","message":"Connected to MongoDB: TaskManager-Database","timestamp":"2024-05-02T11:02:06.240Z"}
{"level":"info","message":"Server is running at port 3000","timestamp":"2024-05-02T11:02:06.248Z"}
{"level":"info","message":"Connected to MongoDB: TaskManager-Database","timestamp":"2024-05-02T11:05:17.202Z"}
{"level":"info","message":"Server is running at port 3000","timestamp":"2024-05-02T11:05:17.210Z"}
{"level":"info","message":"Connected to MongoDB: TaskManager-Database","timestamp":"2024-05-02T11:07:16.045Z"}
{"level":"info","message":"Server is running at port 3000","timestamp":"2024-05-02T11:07:16.052Z"}
{"level":"info","message":"Connected to MongoDB: TaskManager-Database","timestamp":"2024-05-02T11:07:32.568Z"}
{"level":"info","message":"Server is running at port 3000","timestamp":"2024-05-02T11:07:32.574Z"}
{"level":"info","message":"Connected to MongoDB: TaskManager-Database","timestamp":"2024-05-02T11:09:10.655Z"}
{"level":"info","message":"Server is running at port 3000","timestamp":"2024-05-02T11:09:10.664Z"}
{"level":"info","message":"Connected to MongoDB: TaskManager-Database","timestamp":"2024-05-02T11:09:49.738Z"}
{"level":"info","message":"Server is running at port 3000","timestamp":"2024-05-02T11:09:49.745Z"}
{"level":"info","message":"Connected to MongoDB: TaskManager-Database","timestamp":"2024-05-02T11:10:27.072Z"}
{"level":"info","message":"Server is running at port 3000","timestamp":"2024-05-02T11:10:27.083Z"}
{"level":"info","message":"Connected to MongoDB: TaskManager-Database","timestamp":"2024-05-02T11:10:49.568Z"}
{"level":"info","message":"Server is running at port 3000","timestamp":"2024-05-02T11:10:49.577Z"}
{"level":"info","message":"Connected to MongoDB: TaskManager-Database","timestamp":"2024-05-02T11:11:55.289Z"}
{"level":"info","message":"Server is running at port 3000","timestamp":"2024-05-02T11:11:55.295Z"}
{"level":"info","message":"Connected to MongoDB: TaskManager-Database","timestamp":"2024-05-02T12:05:45.399Z"}
{"level":"info","message":"Server is running at port 3000","timestamp":"2024-05-02T12:05:45.408Z"}
{"level":"info","message":"Connected to MongoDB: TaskManager-Database","timestamp":"2024-05-02T12:07:17.863Z"}
{"level":"info","message":"Server is running at port 3000","timestamp":"2024-05-02T12:07:17.869Z"}
{"level":"info","message":"Connected to MongoDB: TaskManager-Database","timestamp":"2024-05-02T12:10:12.795Z"}
{"level":"info","message":"Server is running at port 3000","timestamp":"2024-05-02T12:10:12.815Z"}
{"level":"info","message":"Connected to MongoDB: TaskManager-Database","timestamp":"2024-05-03T09:39:02.688Z"}
{"level":"info","message":"Server is running at port 3000","timestamp":"2024-05-03T09:39:02.694Z"}
{"level":"info","message":"Connected to MongoDB: TaskManager-Database","timestamp":"2024-05-03T09:39:22.141Z"}
{"level":"info","message":"Server is running at port 3000","timestamp":"2024-05-03T09:39:22.149Z"}
{"level":"info","message":"Connected to MongoDB: TaskManager-Database","timestamp":"2024-05-03T09:39:48.146Z"}
{"level":"info","message":"Server is running at port 3000","timestamp":"2024-05-03T09:39:48.152Z"}
{"level":"info","message":"Connected to MongoDB: TaskManager-Database","timestamp":"2024-05-03T09:53:45.082Z"}
{"level":"info","message":"Server is running at port 3000","timestamp":"2024-05-03T09:53:45.090Z"}
{"level":"info","message":"Connected to MongoDB: TaskManager-Database","timestamp":"2024-05-03T10:11:39.253Z"}
{"level":"info","message":"Server is running at port 3000","timestamp":"2024-05-03T10:11:39.262Z"}
{"level":"info","message":"Connected to MongoDB: TaskManager-Database","timestamp":"2024-05-03T10:12:13.959Z"}
{"level":"info","message":"Server is running at port 3000","timestamp":"2024-05-03T10:12:13.965Z"}
{"_message":"Task validation failed","errors":{"priority":{"kind":"enum","message":"`Top` is not a valid enum value for path `priority`.","name":"ValidatorError","path":"priority","properties":{"enumValues":["High","Medium","Low"],"message":"`Top` is not a valid enum value for path `priority`.","path":"priority","type":"enum","value":"Top"},"value":"Top"}},"level":"error","message":"Task validation failed: priority: `Top` is not a valid enum value for path `priority`.","name":"ValidationError","timestamp":"2024-05-03T10:18:13.438Z"}
{"level":"info","message":"Connected to MongoDB: TaskManager-Database","timestamp":"2024-05-03T10:18:59.355Z"}
{"level":"info","message":"Server is running at port 3000","timestamp":"2024-05-03T10:18:59.361Z"}
{"level":"error","timestamp":"2024-05-03T10:19:00.057Z"}
{"level":"error","timestamp":"2024-05-03T10:19:10.371Z"}
{"level":"info","message":"Connected to MongoDB: TaskManager-Database","timestamp":"2024-05-03T10:20:12.845Z"}
{"level":"info","message":"Server is running at port 3000","timestamp":"2024-05-03T10:20:12.852Z"}
{"level":"error","timestamp":"2024-05-03T10:20:19.696Z"}
{"level":"info","message":"Connected to MongoDB: TaskManager-Database","timestamp":"2024-05-03T10:20:39.926Z"}
{"level":"info","message":"Server is running at port 3000","timestamp":"2024-05-03T10:20:39.932Z"}
{"level":"info","message":"Connected to MongoDB: TaskManager-Database","timestamp":"2024-05-03T10:21:06.839Z"}
{"level":"info","message":"Server is running at port 3000","timestamp":"2024-05-03T10:21:06.848Z"}
{"level":"info","message":"Connected to MongoDB: TaskManager-Database","timestamp":"2024-05-03T10:21:50.087Z"}
{"level":"info","message":"Server is running at port 3000","timestamp":"2024-05-03T10:21:50.092Z"}
{"level":"info","message":"Connected to MongoDB: TaskManager-Database","timestamp":"2024-05-03T10:22:34.711Z"}
{"level":"info","message":"Server is running at port 3000","timestamp":"2024-05-03T10:22:34.726Z"}
{"level":"info","message":"Connected to MongoDB: TaskManager-Database","timestamp":"2024-05-03T10:22:52.730Z"}
{"level":"info","message":"Server is running at port 3000","timestamp":"2024-05-03T10:22:52.736Z"}
{"level":"info","message":"Connected to MongoDB: TaskManager-Database","timestamp":"2024-05-03T10:23:26.378Z"}
{"level":"info","message":"Server is running at port 3000","timestamp":"2024-05-03T10:23:26.385Z"}
{"level":"info","message":"Connected to MongoDB: TaskManager-Database","timestamp":"2024-05-03T10:24:38.912Z"}
{"level":"info","message":"Server is running at port 3000","timestamp":"2024-05-03T10:24:38.917Z"}
{"level":"info","message":"Connected to MongoDB: TaskManager-Database","timestamp":"2024-05-03T10:24:43.883Z"}
{"level":"info","message":"Server is running at port 3000","timestamp":"2024-05-03T10:24:43.889Z"}
{"level":"info","message":"Connected to MongoDB: TaskManager-Database","timestamp":"2024-05-03T10:25:18.156Z"}
{"level":"info","message":"Server is running at port 3000","timestamp":"2024-05-03T10:25:18.169Z"}
{"level":"info","message":"Connected to MongoDB: TaskManager-Database","timestamp":"2024-05-03T10:26:09.387Z"}
{"level":"info","message":"Server is running at port 3000","timestamp":"2024-05-03T10:26:09.393Z"}
{"level":"info","message":"Connected to MongoDB: TaskManager-Database","timestamp":"2024-05-03T10:27:02.279Z"}
{"level":"info","message":"Server is running at port 3000","timestamp":"2024-05-03T10:27:02.286Z"}
{"level":"info","message":"Connected to MongoDB: TaskManager-Database","timestamp":"2024-05-03T10:27:32.433Z"}
{"level":"info","message":"Server is running at port 3000","timestamp":"2024-05-03T10:27:32.442Z"}
{"level":"info","message":"Connected to MongoDB: TaskManager-Database","timestamp":"2024-05-03T10:28:06.058Z"}
{"level":"info","message":"Server is running at port 3000","timestamp":"2024-05-03T10:28:06.065Z"}
{"level":"info","message":"Connected to MongoDB: TaskManager-Database","timestamp":"2024-05-03T10:28:19.934Z"}
{"level":"info","message":"Server is running at port 3000","timestamp":"2024-05-03T10:28:19.940Z"}
{"level":"info","message":"Connected to MongoDB: TaskManager-Database","timestamp":"2024-05-03T10:28:46.667Z"}
{"level":"info","message":"Server is running at port 3000","timestamp":"2024-05-03T10:28:46.675Z"}
{"level":"info","message":"Connected to MongoDB: TaskManager-Database","timestamp":"2024-05-03T10:29:30.372Z"}
{"level":"info","message":"Server is running at port 3000","timestamp":"2024-05-03T10:29:30.378Z"}
{"level":"info","message":"Connected to MongoDB: TaskManager-Database","timestamp":"2024-05-03T10:29:49.108Z"}
{"level":"info","message":"Server is running at port 3000","timestamp":"2024-05-03T10:29:49.113Z"}
{"level":"info","message":"Connected to MongoDB: TaskManager-Database","timestamp":"2024-05-03T10:30:51.381Z"}
{"level":"info","message":"Server is running at port 3000","timestamp":"2024-05-03T10:30:51.397Z"}
{"level":"info","message":"Connected to MongoDB: TaskManager-Database","timestamp":"2024-05-03T10:31:28.739Z"}
{"level":"info","message":"Server is running at port 3000","timestamp":"2024-05-03T10:31:28.745Z"}
{"level":"info","message":"Connected to MongoDB: TaskManager-Database","timestamp":"2024-05-03T10:31:54.335Z"}
{"level":"info","message":"Server is running at port 3000","timestamp":"2024-05-03T10:31:54.343Z"}
{"level":"info","message":"Connected to MongoDB: TaskManager-Database","timestamp":"2024-05-03T10:33:14.095Z"}
{"level":"info","message":"Server is running at port 3000","timestamp":"2024-05-03T10:33:14.100Z"}
{"level":"info","message":"Connected to MongoDB: TaskManager-Database","timestamp":"2024-05-03T10:38:05.251Z"}
{"level":"info","message":"Server is running at port 3000","timestamp":"2024-05-03T10:38:05.258Z"}
{"level":"info","message":"Connected to MongoDB: TaskManager-Database","timestamp":"2024-05-03T10:38:31.557Z"}
{"level":"info","message":"Server is running at port 3000","timestamp":"2024-05-03T10:38:31.566Z"}
{"level":"info","message":"Connected to MongoDB: TaskManager-Database","timestamp":"2024-05-03T10:38:50.147Z"}
{"level":"info","message":"Server is running at port 3000","timestamp":"2024-05-03T10:38:50.153Z"}
{"level":"info","message":"Connected to MongoDB: TaskManager-Database","timestamp":"2024-05-03T10:39:27.228Z"}
{"level":"info","message":"Server is running at port 3000","timestamp":"2024-05-03T10:39:27.234Z"}
{"level":"info","message":"Connected to MongoDB: TaskManager-Database","timestamp":"2024-05-03T10:39:47.436Z"}
{"level":"info","message":"Server is running at port 3000","timestamp":"2024-05-03T10:39:47.442Z"}
{"level":"info","message":"Connected to MongoDB: TaskManager-Database","timestamp":"2024-05-03T10:40:11.562Z"}
{"level":"info","message":"Server is running at port 3000","timestamp":"2024-05-03T10:40:11.570Z"}
{"level":"info","message":"Connected to MongoDB: TaskManager-Database","timestamp":"2024-05-03T10:41:33.341Z"}
{"level":"info","message":"Server is running at port 3000","timestamp":"2024-05-03T10:41:33.346Z"}
{"level":"info","message":"Connected to MongoDB: TaskManager-Database","timestamp":"2024-05-03T10:42:13.228Z"}
{"level":"info","message":"Server is running at port 3000","timestamp":"2024-05-03T10:42:13.233Z"}
{"level":"info","message":"Connected to MongoDB: TaskManager-Database","timestamp":"2024-05-03T10:42:55.879Z"}
{"level":"info","message":"Server is running at port 3000","timestamp":"2024-05-03T10:42:55.886Z"}
{"level":"info","message":"Connected to MongoDB: TaskManager-Database","timestamp":"2024-05-03T10:44:00.167Z"}
{"level":"info","message":"Server is running at port 3000","timestamp":"2024-05-03T10:44:00.173Z"}
{"level":"info","message":"Connected to MongoDB: TaskManager-Database","timestamp":"2024-05-03T10:45:27.702Z"}
{"level":"info","message":"Server is running at port 3000","timestamp":"2024-05-03T10:45:27.707Z"}
{"level":"info","message":"Connected to MongoDB: TaskManager-Database","timestamp":"2024-05-03T10:45:36.174Z"}
{"level":"info","message":"Server is running at port 3000","timestamp":"2024-05-03T10:45:36.179Z"}
